Removed Pin From Net: NetName=GND Pin=P3-1
Removed Pin From Net: NetName=NetP3_2 Pin=P3-2
Removed Pin From Net: NetName=NetP3_2 Pin=U1-45
Removed Pin From Net: NetName=NetP3_2 Pin=U9-20
Change Component Designator: OldDesignator=LED NewDesignator=D3
Added Component: Designator=P3(HDR1X2)
Add component. Clean all parameters for all variants
Add component (AddParameter): Name = "LatestRevisionDate"; Value = "17-Jul-2002"; VariantName = "[No Variations]"
Add component (AddParameter): Name = "LatestRevisionNote"; Value = "Re-released for DXP Platform."; VariantName = "[No Variations]"
Add component (AddParameter): Name = "Publisher"; Value = "Altium Limited"; VariantName = "[No Variations]"
Add component (AddParameter): Name = "Supplier 1"; Value = "Digi-Key"; VariantName = "[No Variations]"
Add component (AddParameter): Name = "Supplier Part Number 1"; Value = "S7035-ND"; VariantName = "[No Variations]"
Added Component: Designator=P6(HDR1X2)
Add component. Clean all parameters for all variants
Add component (AddParameter): Name = "LatestRevisionDate"; Value = "17-Jul-2002"; VariantName = "[No Variations]"
Add component (AddParameter): Name = "LatestRevisionNote"; Value = "Re-released for DXP Platform."; VariantName = "[No Variations]"
Add component (AddParameter): Name = "Publisher"; Value = "Altium Limited"; VariantName = "[No Variations]"
Add component (AddParameter): Name = "Supplier 1"; Value = "Digi-Key"; VariantName = "[No Variations]"
Add component (AddParameter): Name = "Supplier Part Number 1"; Value = "S7035-ND"; VariantName = "[No Variations]"
Added Pin To Net: NetName=NetP3_2 Pin=P3-2
Added Pin To Net: NetName=GND Pin=P6-1
Added Pin To Net: NetName=3.3V Pin=P6-2
Added Pin To Net: NetName=NetP3_2 Pin=U1-44
Added Pin To Net: NetName=NetP3_2 Pin=U9-4
Change Net Name : Old Net Name=NetLED_1 New Net Name=NetD3_1
Added Pin To Net: NetName=NetP3_1 Pin=P3-1
Added Pin To Net: NetName=NetP3_1 Pin=U1-45
Added Pin To Net: NetName=NetP3_1 Pin=U9-20
Added Net: Name=NetP3_1
Added Member To Class: ClassName=Controller Member=Component P6 Output
Added Room: Name=Controller
Added Room: Name=Misc
Added Room: Name=Recovery
Added Room: Name=Sensors
Added Room: Name=UART-to-USB
